<?xml version="1.0" encoding="UTF-8"?>
<!-- Generated by org.testng.reporters.JUnitReportReporter -->
<testsuite hostname="Mukeshs-MacBook-Pro.local" failures="0" tests="5" name="restAsuredPhase3.Phase3_Project1" time="2.257" errors="0" timestamp="03 Oct 2024 11:18:36 GMT" skipped="0">
  <testcase classname="restAsuredPhase3.Phase3_Project1" name="TC01_GetAllEmployee" time="1.372"/>
  <testcase classname="restAsuredPhase3.Phase3_Project1" name="TC05_TestDeletedEmployee" time="0.017"/>
  <testcase classname="restAsuredPhase3.Phase3_Project1" name="TC03_CreateEmployee" time="0.826"/>
  <testcase classname="restAsuredPhase3.Phase3_Project1" name="TC02_GetSingleEmployee" time="0.019"/>
  <testcase classname="restAsuredPhase3.Phase3_Project1" name="TC04_DeleteEmployee" time="0.023"/>
</testsuite> <!-- restAsuredPhase3.Phase3_Project1 -->
