<?xml version="1.0" encoding="UTF-8"?>
<!-- Generated by org.testng.reporters.JUnitReportReporter -->
<testsuite hostname="Mukeshs-MacBook-Pro.local" failures="0" tests="3" name="restAsuredPhase3.ReqResTest" time="4.978" errors="0" timestamp="03 Oct 2024 12:06:00 GMT" skipped="0">
  <testcase classname="restAsuredPhase3.ReqResTest" name="GetAllEmployee" time="3.601"/>
  <testcase classname="restAsuredPhase3.ReqResTest" name="PostEmployee" time="1.218"/>
  <testcase classname="restAsuredPhase3.ReqResTest" name="GetSingleEmployee" time="0.159"/>
</testsuite> <!-- restAsuredPhase3.ReqResTest -->
